  main.cpp
C:\Users\Sergey\source\repos\graphicsh\graphicsh\main.cpp(12,12): warning C4244: инициализация: преобразование "double" в "int", возможна потеря данных
C:\Users\Sergey\source\repos\graphicsh\graphicsh\main.cpp(13,12): warning C4244: инициализация: преобразование "double" в "int", возможна потеря данных
C:\Users\Sergey\source\repos\graphicsh\graphicsh\main.cpp(14,12): warning C4244: инициализация: преобразование "double" в "int", возможна потеря данных
C:\Users\Sergey\source\repos\graphicsh\graphicsh\main.cpp(15,12): warning C4244: инициализация: преобразование "double" в "int", возможна потеря данных
C:\Users\Sergey\source\repos\graphicsh\graphicsh\main.cpp(16,12): warning C4244: инициализация: преобразование "double" в "int", возможна потеря данных
C:\Users\Sergey\source\repos\graphicsh\graphicsh\main.cpp(17,12): warning C4244: инициализация: преобразование "double" в "int", возможна потеря данных
C:\Users\Sergey\source\repos\graphicsh\graphicsh\main.cpp(20,56): warning C4244: аргумент: преобразование "int" в "T", возможна потеря данных
C:\Users\Sergey\source\repos\graphicsh\graphicsh\main.cpp(20,56): warning C4244:         with
C:\Users\Sergey\source\repos\graphicsh\graphicsh\main.cpp(20,56): warning C4244:         [
C:\Users\Sergey\source\repos\graphicsh\graphicsh\main.cpp(20,56): warning C4244:             T=float
C:\Users\Sergey\source\repos\graphicsh\graphicsh\main.cpp(20,56): warning C4244:         ]
C:\Users\Sergey\source\repos\graphicsh\graphicsh\main.cpp(20,52): warning C4244: аргумент: преобразование "int" в "T", возможна потеря данных
C:\Users\Sergey\source\repos\graphicsh\graphicsh\main.cpp(20,52): warning C4244:         with
C:\Users\Sergey\source\repos\graphicsh\graphicsh\main.cpp(20,52): warning C4244:         [
C:\Users\Sergey\source\repos\graphicsh\graphicsh\main.cpp(20,52): warning C4244:             T=float
C:\Users\Sergey\source\repos\graphicsh\graphicsh\main.cpp(20,52): warning C4244:         ]
C:\Users\Sergey\source\repos\graphicsh\graphicsh\main.cpp(20,90): warning C4244: аргумент: преобразование "int" в "T", возможна потеря данных
C:\Users\Sergey\source\repos\graphicsh\graphicsh\main.cpp(20,90): warning C4244:         with
C:\Users\Sergey\source\repos\graphicsh\graphicsh\main.cpp(20,90): warning C4244:         [
C:\Users\Sergey\source\repos\graphicsh\graphicsh\main.cpp(20,90): warning C4244:             T=float
C:\Users\Sergey\source\repos\graphicsh\graphicsh\main.cpp(20,90): warning C4244:         ]
C:\Users\Sergey\source\repos\graphicsh\graphicsh\main.cpp(20,86): warning C4244: аргумент: преобразование "int" в "T", возможна потеря данных
C:\Users\Sergey\source\repos\graphicsh\graphicsh\main.cpp(20,86): warning C4244:         with
C:\Users\Sergey\source\repos\graphicsh\graphicsh\main.cpp(20,86): warning C4244:         [
C:\Users\Sergey\source\repos\graphicsh\graphicsh\main.cpp(20,86): warning C4244:             T=float
C:\Users\Sergey\source\repos\graphicsh\graphicsh\main.cpp(20,86): warning C4244:         ]
C:\Users\Sergey\source\repos\graphicsh\graphicsh\main.cpp(21,56): warning C4244: аргумент: преобразование "int" в "T", возможна потеря данных
C:\Users\Sergey\source\repos\graphicsh\graphicsh\main.cpp(21,56): warning C4244:         with
C:\Users\Sergey\source\repos\graphicsh\graphicsh\main.cpp(21,56): warning C4244:         [
C:\Users\Sergey\source\repos\graphicsh\graphicsh\main.cpp(21,56): warning C4244:             T=float
C:\Users\Sergey\source\repos\graphicsh\graphicsh\main.cpp(21,56): warning C4244:         ]
C:\Users\Sergey\source\repos\graphicsh\graphicsh\main.cpp(21,52): warning C4244: аргумент: преобразование "int" в "T", возможна потеря данных
C:\Users\Sergey\source\repos\graphicsh\graphicsh\main.cpp(21,52): warning C4244:         with
C:\Users\Sergey\source\repos\graphicsh\graphicsh\main.cpp(21,52): warning C4244:         [
C:\Users\Sergey\source\repos\graphicsh\graphicsh\main.cpp(21,52): warning C4244:             T=float
C:\Users\Sergey\source\repos\graphicsh\graphicsh\main.cpp(21,52): warning C4244:         ]
C:\Users\Sergey\source\repos\graphicsh\graphicsh\main.cpp(21,90): warning C4244: аргумент: преобразование "int" в "T", возможна потеря данных
C:\Users\Sergey\source\repos\graphicsh\graphicsh\main.cpp(21,90): warning C4244:         with
C:\Users\Sergey\source\repos\graphicsh\graphicsh\main.cpp(21,90): warning C4244:         [
C:\Users\Sergey\source\repos\graphicsh\graphicsh\main.cpp(21,90): warning C4244:             T=float
C:\Users\Sergey\source\repos\graphicsh\graphicsh\main.cpp(21,90): warning C4244:         ]
C:\Users\Sergey\source\repos\graphicsh\graphicsh\main.cpp(21,86): warning C4244: аргумент: преобразование "int" в "T", возможна потеря данных
C:\Users\Sergey\source\repos\graphicsh\graphicsh\main.cpp(21,86): warning C4244:         with
C:\Users\Sergey\source\repos\graphicsh\graphicsh\main.cpp(21,86): warning C4244:         [
C:\Users\Sergey\source\repos\graphicsh\graphicsh\main.cpp(21,86): warning C4244:             T=float
C:\Users\Sergey\source\repos\graphicsh\graphicsh\main.cpp(21,86): warning C4244:         ]
C:\Users\Sergey\source\repos\graphicsh\graphicsh\main.cpp(22,56): warning C4244: аргумент: преобразование "int" в "T", возможна потеря данных
C:\Users\Sergey\source\repos\graphicsh\graphicsh\main.cpp(22,56): warning C4244:         with
C:\Users\Sergey\source\repos\graphicsh\graphicsh\main.cpp(22,56): warning C4244:         [
C:\Users\Sergey\source\repos\graphicsh\graphicsh\main.cpp(22,56): warning C4244:             T=float
C:\Users\Sergey\source\repos\graphicsh\graphicsh\main.cpp(22,56): warning C4244:         ]
C:\Users\Sergey\source\repos\graphicsh\graphicsh\main.cpp(22,52): warning C4244: аргумент: преобразование "int" в "T", возможна потеря данных
C:\Users\Sergey\source\repos\graphicsh\graphicsh\main.cpp(22,52): warning C4244:         with
C:\Users\Sergey\source\repos\graphicsh\graphicsh\main.cpp(22,52): warning C4244:         [
C:\Users\Sergey\source\repos\graphicsh\graphicsh\main.cpp(22,52): warning C4244:             T=float
C:\Users\Sergey\source\repos\graphicsh\graphicsh\main.cpp(22,52): warning C4244:         ]
C:\Users\Sergey\source\repos\graphicsh\graphicsh\main.cpp(22,90): warning C4244: аргумент: преобразование "int" в "T", возможна потеря данных
C:\Users\Sergey\source\repos\graphicsh\graphicsh\main.cpp(22,90): warning C4244:         with
C:\Users\Sergey\source\repos\graphicsh\graphicsh\main.cpp(22,90): warning C4244:         [
C:\Users\Sergey\source\repos\graphicsh\graphicsh\main.cpp(22,90): warning C4244:             T=float
C:\Users\Sergey\source\repos\graphicsh\graphicsh\main.cpp(22,90): warning C4244:         ]
C:\Users\Sergey\source\repos\graphicsh\graphicsh\main.cpp(22,86): warning C4244: аргумент: преобразование "int" в "T", возможна потеря данных
C:\Users\Sergey\source\repos\graphicsh\graphicsh\main.cpp(22,86): warning C4244:         with
C:\Users\Sergey\source\repos\graphicsh\graphicsh\main.cpp(22,86): warning C4244:         [
C:\Users\Sergey\source\repos\graphicsh\graphicsh\main.cpp(22,86): warning C4244:             T=float
C:\Users\Sergey\source\repos\graphicsh\graphicsh\main.cpp(22,86): warning C4244:         ]
C:\Users\Sergey\source\repos\graphicsh\graphicsh\main.cpp(23,56): warning C4244: аргумент: преобразование "int" в "T", возможна потеря данных
C:\Users\Sergey\source\repos\graphicsh\graphicsh\main.cpp(23,56): warning C4244:         with
C:\Users\Sergey\source\repos\graphicsh\graphicsh\main.cpp(23,56): warning C4244:         [
C:\Users\Sergey\source\repos\graphicsh\graphicsh\main.cpp(23,56): warning C4244:             T=float
C:\Users\Sergey\source\repos\graphicsh\graphicsh\main.cpp(23,56): warning C4244:         ]
C:\Users\Sergey\source\repos\graphicsh\graphicsh\main.cpp(23,52): warning C4244: аргумент: преобразование "int" в "T", возможна потеря данных
C:\Users\Sergey\source\repos\graphicsh\graphicsh\main.cpp(23,52): warning C4244:         with
C:\Users\Sergey\source\repos\graphicsh\graphicsh\main.cpp(23,52): warning C4244:         [
C:\Users\Sergey\source\repos\graphicsh\graphicsh\main.cpp(23,52): warning C4244:             T=float
C:\Users\Sergey\source\repos\graphicsh\graphicsh\main.cpp(23,52): warning C4244:         ]
C:\Users\Sergey\source\repos\graphicsh\graphicsh\main.cpp(23,90): warning C4244: аргумент: преобразование "int" в "T", возможна потеря данных
C:\Users\Sergey\source\repos\graphicsh\graphicsh\main.cpp(23,90): warning C4244:         with
C:\Users\Sergey\source\repos\graphicsh\graphicsh\main.cpp(23,90): warning C4244:         [
C:\Users\Sergey\source\repos\graphicsh\graphicsh\main.cpp(23,90): warning C4244:             T=float
C:\Users\Sergey\source\repos\graphicsh\graphicsh\main.cpp(23,90): warning C4244:         ]
C:\Users\Sergey\source\repos\graphicsh\graphicsh\main.cpp(23,86): warning C4244: аргумент: преобразование "int" в "T", возможна потеря данных
C:\Users\Sergey\source\repos\graphicsh\graphicsh\main.cpp(23,86): warning C4244:         with
C:\Users\Sergey\source\repos\graphicsh\graphicsh\main.cpp(23,86): warning C4244:         [
C:\Users\Sergey\source\repos\graphicsh\graphicsh\main.cpp(23,86): warning C4244:             T=float
C:\Users\Sergey\source\repos\graphicsh\graphicsh\main.cpp(23,86): warning C4244:         ]
  graphicsh.vcxproj -> C:\Users\Sergey\source\repos\graphicsh\x64\Debug\graphicsh.exe
